mode: set
github/joy-adhikary/go-testing/main.go:3.24,6.2 2 1
github/joy-adhikary/go-testing/main.go:8.24,9.11 1 1
github/joy-adhikary/go-testing/main.go:9.11,11.3 1 1
github/joy-adhikary/go-testing/main.go:11.8,13.3 1 0
github/joy-adhikary/go-testing/main.go:15.26,16.22 1 1
github/joy-adhikary/go-testing/main.go:16.22,18.3 1 0
github/joy-adhikary/go-testing/main.go:18.8,20.3 1 1
github/joy-adhikary/go-testing/main.go:22.24,23.22 1 1
github/joy-adhikary/go-testing/main.go:23.22,25.3 1 1
github/joy-adhikary/go-testing/main.go:25.8,27.3 1 0
